$**************  SCADETOC Version 19.2 (build 20180628) **************
** Generation date: 2018-10-12T05:11:53
** Command: scade -code "D:\gd\ITA\CE-235\scade\fuel\FuelManagement_\FuelManagement_.etp" -root Main -conf Simulation -build -all
*************************************************************$
*** Build Execution Warning (MAKEEXE):  at file D:\gd\ITA\CE-235\scade\fuel\FuelManagement_\Simulation\make_win64.log, line 0, character 0
 make_win64.log: Warning(s) occurs during Makefile execution.
  at file D:/gd/ITA/CE-235/scade/fuel/FuelManagement_/Simulation/Main_UA_1_private.c:75, line 21, character 0
 ~Main_UA_1_private.c:75(21) : cast from pointer to integer of different size [-Wpointer-to-int-cast]
  at file D:/gd/ITA/CE-235/scade/fuel/FuelManagement_/Simulation/Main_UA_1_private.c:94, line 21, character 0
 ~Main_UA_1_private.c:94(21) : cast from pointer to integer of different size [-Wpointer-to-int-cast]
*** Generated Files Information (GENFIL): KCG- Generated files
  at file D:\gd\ITA\CE-235\scade\fuel\FuelManagement_\Simulation\mapping.xml, line 0, character 0
 ~mapping.xml
  at file D:\gd\ITA\CE-235\scade\fuel\FuelManagement_\Simulation\kcg_metrics.txt, line 0, character 0
 ~kcg_metrics.txt
  at file D:\gd\ITA\CE-235\scade\fuel\FuelManagement_\Simulation\Main.c, line 0, character 0
 ~Main.c
  at file D:\gd\ITA\CE-235\scade\fuel\FuelManagement_\Simulation\Main.h, line 0, character 0
 ~Main.h
  at file D:\gd\ITA\CE-235\scade\fuel\FuelManagement_\Simulation\kcg_types.h, line 0, character 0
 ~kcg_types.h
  at file D:\gd\ITA\CE-235\scade\fuel\FuelManagement_\Simulation\kcg_consts.h, line 0, character 0
 ~kcg_consts.h
  at file D:\gd\ITA\CE-235\scade\fuel\FuelManagement_\Simulation\kcg_sensors.h, line 0, character 0
 ~kcg_sensors.h
  at file D:\gd\ITA\CE-235\scade\fuel\FuelManagement_\Simulation\kcg_types.c, line 0, character 0
 ~kcg_types.c
  at file D:\gd\ITA\CE-235\scade\fuel\FuelManagement_\Simulation\kcg_consts.c, line 0, character 0
 ~kcg_consts.c
  at file D:\gd\ITA\CE-235\scade\fuel\FuelManagement_\Simulation\config.txt, line 0, character 0
 ~config.txt
*** Generated Files Information (GENFIL): Code Generator Generated files
  at file D:\gd\ITA\CE-235\scade\fuel\FuelManagement_\Simulation\user_macros.h, line 0, character 0
 ~user_macros.h
  at file D:\gd\ITA\CE-235\scade\fuel\FuelManagement_\Simulation\kcg_imported_types.h, line 0, character 0
 ~kcg_imported_types.h
  at file D:\gd\ITA\CE-235\scade\fuel\FuelManagement_\Simulation\sc2c.log, line 0, character 0
 ~sc2c.log
  at file D:\gd\ITA\CE-235\scade\fuel\FuelManagement_\Simulation\sc2c_integration_files.txt, line 0, character 0
 ~sc2c_integration_files.txt
*** Generated Files Information (GENFIL): Simulator Generated files
  at file D:\gd\ITA\CE-235\scade\fuel\FuelManagement_\Simulation\Main_cosim.c, line 0, character 0
 ~Main_cosim.c
  at file D:\gd\ITA\CE-235\scade\fuel\FuelManagement_\Simulation\FuelManagement__interface.h, line 0, character 0
 ~FuelManagement__interface.h
  at file D:\gd\ITA\CE-235\scade\fuel\FuelManagement_\Simulation\FuelManagement__interface.c, line 0, character 0
 ~FuelManagement__interface.c
  at file D:\gd\ITA\CE-235\scade\fuel\FuelManagement_\Simulation\FuelManagement__dll.c, line 0, character 0
 ~FuelManagement__dll.c
*** Generated Files Information (GENFIL): Type Utils Generated files
  at file D:\gd\ITA\CE-235\scade\fuel\FuelManagement_\Simulation\FuelManagement__type.h, line 0, character 0
 ~FuelManagement__type.h
  at file D:\gd\ITA\CE-235\scade\fuel\FuelManagement_\Simulation\FuelManagement__type.c, line 0, character 0
 ~FuelManagement__type.c
*** Generated Files Information (GENFIL): Mapping Utils Generated files
  at file D:\gd\ITA\CE-235\scade\fuel\FuelManagement_\Simulation\FuelManagement__mapping.h, line 0, character 0
 ~FuelManagement__mapping.h
  at file D:\gd\ITA\CE-235\scade\fuel\FuelManagement_\Simulation\FuelManagement__mapping.c, line 0, character 0
 ~FuelManagement__mapping.c
*** Generated Files Information (GENFIL): SCADE UA Adaptor Generated files
  at file D:\gd\ITA\CE-235\scade\fuel\FuelManagement_\Simulation\Main_UA_1.h, line 0, character 0
 ~Main_UA_1.h
  at file D:\gd\ITA\CE-235\scade\fuel\FuelManagement_\Simulation\Main_UA_1.c, line 0, character 0
 ~Main_UA_1.c
  at file D:\gd\ITA\CE-235\scade\fuel\FuelManagement_\Simulation\Main_UA_1_constants.h, line 0, character 0
 ~Main_UA_1_constants.h
  at file D:\gd\ITA\CE-235\scade\fuel\FuelManagement_\Simulation\Main_UA_1_private.h, line 0, character 0
 ~Main_UA_1_private.h
  at file D:\gd\ITA\CE-235\scade\fuel\FuelManagement_\Simulation\Main_UA_1_private.c, line 0, character 0
 ~Main_UA_1_private.c
  at file D:\gd\ITA\CE-235\scade\fuel\FuelManagement_\Simulation\Main_UA_1_LAY_1.c, line 0, character 0
 ~Main_UA_1_LAY_1.c
*** Generated Files Information (GENFIL): Build Generated files
  at file D:\gd\ITA\CE-235\scade\fuel\FuelManagement_\Simulation\Makefile_win64, line 0, character 0
 ~Makefile_win64
  at file D:\gd\ITA\CE-235\scade\fuel\FuelManagement_\Simulation\Main.dll, line 0, character 0
 ~Main.dll
  at file D:\gd\ITA\CE-235\scade\fuel\FuelManagement_\Simulation\Main.exe, line 0, character 0
 ~Main.exe
$**************  SCADETOC Version 19.2 (build 20180628) **************
** Generation date: 2018-10-12T05:15:09
** sc2c.log
*************************************************************$
