$**************  SCADETOC Version 19.2 (build 20180628) **************
** Generation date: 2018-10-12T05:09:25
** Command: scade -code "D:\gd\ITA\CE-235\scade\fuel\FuelManagement_\FuelManagement_.etp" -root Main -conf KCG -build -all
*************************************************************$
*** Generated Files Information (GENFIL): KCG- Generated files
  at file D:\gd\ITA\CE-235\scade\fuel\FuelManagement_\KCG\mapping.xml, line 0, character 0
 ~mapping.xml
  at file D:\gd\ITA\CE-235\scade\fuel\FuelManagement_\KCG\kcg_metrics.txt, line 0, character 0
 ~kcg_metrics.txt
  at file D:\gd\ITA\CE-235\scade\fuel\FuelManagement_\KCG\Main.c, line 0, character 0
 ~Main.c
  at file D:\gd\ITA\CE-235\scade\fuel\FuelManagement_\KCG\Main.h, line 0, character 0
 ~Main.h
  at file D:\gd\ITA\CE-235\scade\fuel\FuelManagement_\KCG\kcg_types.h, line 0, character 0
 ~kcg_types.h
  at file D:\gd\ITA\CE-235\scade\fuel\FuelManagement_\KCG\kcg_consts.h, line 0, character 0
 ~kcg_consts.h
  at file D:\gd\ITA\CE-235\scade\fuel\FuelManagement_\KCG\kcg_sensors.h, line 0, character 0
 ~kcg_sensors.h
  at file D:\gd\ITA\CE-235\scade\fuel\FuelManagement_\KCG\kcg_types.c, line 0, character 0
 ~kcg_types.c
  at file D:\gd\ITA\CE-235\scade\fuel\FuelManagement_\KCG\kcg_consts.c, line 0, character 0
 ~kcg_consts.c
  at file D:\gd\ITA\CE-235\scade\fuel\FuelManagement_\KCG\config.txt, line 0, character 0
 ~config.txt
*** Generated Files Information (GENFIL): Code Generator Generated files
  at file D:\gd\ITA\CE-235\scade\fuel\FuelManagement_\KCG\user_macros.h, line 0, character 0
 ~user_macros.h
  at file D:\gd\ITA\CE-235\scade\fuel\FuelManagement_\KCG\kcg_imported_types.h, line 0, character 0
 ~kcg_imported_types.h
  at file D:\gd\ITA\CE-235\scade\fuel\FuelManagement_\KCG\sc2c.log, line 0, character 0
 ~sc2c.log
  at file D:\gd\ITA\CE-235\scade\fuel\FuelManagement_\KCG\sc2c_integration_files.txt, line 0, character 0
 ~sc2c_integration_files.txt
*** Generated Files Information (GENFIL): Type Utils Generated files
  at file D:\gd\ITA\CE-235\scade\fuel\FuelManagement_\KCG\FuelManagement__type.h, line 0, character 0
 ~FuelManagement__type.h
  at file D:\gd\ITA\CE-235\scade\fuel\FuelManagement_\KCG\FuelManagement__type.c, line 0, character 0
 ~FuelManagement__type.c
*** Generated Files Information (GENFIL): Mapping Utils Generated files
  at file D:\gd\ITA\CE-235\scade\fuel\FuelManagement_\KCG\FuelManagement__mapping.h, line 0, character 0
 ~FuelManagement__mapping.h
  at file D:\gd\ITA\CE-235\scade\fuel\FuelManagement_\KCG\FuelManagement__mapping.c, line 0, character 0
 ~FuelManagement__mapping.c
*** Generated Files Information (GENFIL): Simulator Generated files
  at file D:\gd\ITA\CE-235\scade\fuel\FuelManagement_\KCG\FuelManagement__interface.h, line 0, character 0
 ~FuelManagement__interface.h
  at file D:\gd\ITA\CE-235\scade\fuel\FuelManagement_\KCG\FuelManagement__interface.c, line 0, character 0
 ~FuelManagement__interface.c
  at file D:\gd\ITA\CE-235\scade\fuel\FuelManagement_\KCG\FuelManagement__dll.c, line 0, character 0
 ~FuelManagement__dll.c
*** Generated Files Information (GENFIL): Build Generated files
  at file D:\gd\ITA\CE-235\scade\fuel\FuelManagement_\KCG\Makefile_win64, line 0, character 0
 ~Makefile_win64
  at file D:\gd\ITA\CE-235\scade\fuel\FuelManagement_\KCG\Main.dll, line 0, character 0
 ~Main.dll
  at file D:\gd\ITA\CE-235\scade\fuel\FuelManagement_\KCG\Main.exe, line 0, character 0
 ~Main.exe
$**************  SCADETOC Version 19.2 (build 20180628) **************
** Generation date: 2018-10-12T05:09:48
** sc2c.log
*************************************************************$
